==16943== Memcheck, a memory error detector
==16943== Copyright (C) 2002-2017, and GNU GPL'd, by Julian Seward et al.
==16943== Using Valgrind-3.18.1 and LibVEX; rerun with -h for copyright info
==16943== Command: ./monty bytecodes/000.m
==16943== Parent PID: 6206
==16943== 
==16943== 
==16943== HEAP SUMMARY:
==16943==     in use at exit: 72 bytes in 3 blocks
==16943==   total heap usage: 26 allocs, 23 frees, 5,958 bytes allocated
==16943== 
==16943== 48 bytes in 2 blocks are indirectly lost in loss record 1 of 2
==16943==    at 0x4848899: malloc (in /usr/libexec/valgrind/vgpreload_memcheck-amd64-linux.so)
==16943==    by 0x10987B: S_push (in /home/amira/MY_GITHUB/monty/monty)
==16943==    by 0x1093B3: call_fun (in /home/amira/MY_GITHUB/monty/monty)
==16943==    by 0x109591: read_line (in /home/amira/MY_GITHUB/monty/monty)
==16943==    by 0x1094B0: main (in /home/amira/MY_GITHUB/monty/monty)
==16943== 
==16943== 72 (24 direct, 48 indirect) bytes in 1 blocks are definitely lost in loss record 2 of 2
==16943==    at 0x4848899: malloc (in /usr/libexec/valgrind/vgpreload_memcheck-amd64-linux.so)
==16943==    by 0x10987B: S_push (in /home/amira/MY_GITHUB/monty/monty)
==16943==    by 0x1093B3: call_fun (in /home/amira/MY_GITHUB/monty/monty)
==16943==    by 0x109591: read_line (in /home/amira/MY_GITHUB/monty/monty)
==16943==    by 0x1094B0: main (in /home/amira/MY_GITHUB/monty/monty)
==16943== 
==16943== LEAK SUMMARY:
==16943==    definitely lost: 24 bytes in 1 blocks
==16943==    indirectly lost: 48 bytes in 2 blocks
==16943==      possibly lost: 0 bytes in 0 blocks
==16943==    still reachable: 0 bytes in 0 blocks
==16943==         suppressed: 0 bytes in 0 blocks
==16943== 
==16943== For lists of detected and suppressed errors, rerun with: -s
==16943== ERROR SUMMARY: 1 errors from 1 contexts (suppressed: 0 from 0)
